<?xml version="1.0" encoding="UTF-8"?>
<!-- Generated by org.testng.reporters.JUnitReportReporter -->
<testsuite hostname="DESKTOP-0S7GS5U" failures="0" tests="6" name="search.searchTest" time="99.065" errors="0" timestamp="2020-02-13T23:16:29 ART" skipped="0">
  <testcase classname="search.searchTest" name="searchNoExist" time="13.956"/>
  <system-out/>
  <testcase classname="search.searchTest" name="authError" time="16.745"/>
  <system-out/>
  <testcase classname="search.searchTest" name="searchExist" time="14.221"/>
  <system-out/>
  <testcase classname="search.searchTest" name="women" time="19.764"/>
  <system-out/>
  <testcase classname="search.searchTest" name="summerDress" time="19.567"/>
  <system-out/>
  <testcase classname="search.searchTest" name="Dropdowns" time="14.812"/>
  <system-out/>
</testsuite> <!-- search.searchTest -->
